C51 COMPILER V9.60.0.0   LCD                                                               03/31/2020 01:14:56 PAGE 1   


C51 COMPILER V9.60.0.0, COMPILATION OF MODULE LCD
OBJECT MODULE PLACED IN .\Objects\lcd.obj
COMPILER INVOKED BY: C:\Keil_v5\C51\BIN\C51.EXE lcd.c OPTIMIZE(8,SPEED) BROWSE DEBUG OBJECTEXTEND PRINT(.\Listings\lcd.l
                    -st) TABS(2) OBJECT(.\Objects\lcd.obj)

line level    source

   1          /*................................
   2          Name      :- Ultrasonic Sensor
   3          Author    :- Abhishek Dongre
   4          Date      :- 28-030-20
   5          Time      :- 20:54
   6          .......................*/
   7          
   8          
   9          #include "lcd.h"
  10          
  11          /*---------------------------------BUSY CHECK LOGIC-------------------------------------------------------
             --------------------*/
  12          void Busy_check(void)
  13            {
  14   1            RS=0;
  15   1            RW=1;
  16   1            BUSY=1;
  17   1            do
  18   1            {
  19   2               EN=0;
  20   2               EN=1;
  21   2            }while(BUSY==1);
  22   1        }
  23            
  24          /*---------------------------------LCD DISPLAY LOGIC------------------------------------------------------
             ---------------------*/  
  25          void LCD_out(unsigned char x,unsigned char y)
  26            {
  27   1            RW=0;
  28   1            if(x==0)
  29   1                RS=0;
  30   1            else 
  31   1                RS=1;
  32   1            LCD_PORT=y;
  33   1            EN=1;
  34   1            EN=0;
  35   1        }


MODULE INFORMATION:   STATIC OVERLAYABLE
   CODE SIZE        =     32    ----
   CONSTANT SIZE    =   ----    ----
   XDATA SIZE       =   ----    ----
   PDATA SIZE       =   ----    ----
   DATA SIZE        =   ----    ----
   IDATA SIZE       =   ----    ----
   BIT SIZE         =   ----    ----
END OF MODULE INFORMATION.


C51 COMPILATION COMPLETE.  0 WARNING(S),  0 ERROR(S)
