C51 COMPILER V9.60.0.0   MAIN                                                              03/31/2020 01:14:55 PAGE 1   


C51 COMPILER V9.60.0.0, COMPILATION OF MODULE MAIN
OBJECT MODULE PLACED IN .\Objects\main.obj
COMPILER INVOKED BY: C:\Keil_v5\C51\BIN\C51.EXE main.c OPTIMIZE(8,SPEED) BROWSE DEBUG OBJECTEXTEND PRINT(.\Listings\main
                    -.lst) TABS(2) OBJECT(.\Objects\main.obj)

line level    source

   1          /*................................
   2          Name      :- Ultrasonic Sensor
   3          Author    :- Abhishek Dongre
   4          Date      :- 31-30-20
   5          TIME      :- 01:10
   6          ..................................*/
   7          
   8          #include <regx52.h>
   9          #include "io.h"
  10          #include "lcd.h"
  11          
  12          void delay(unsigned int msec)
  13          {
  14   1        int l,k;
  15   1        for(l=0;l<msec;l++)
  16   1        for(k=0;k<1275;k++);
  17   1      }
  18          
  19          void main(void)
  20          { 
  21   1      /*-------------------------------------------------INITIALIZATION ----------------------------------------
             ------------------*/
  22   1          HW_Init();
  23   1      /*-------------------------------------------------MAIN CODE----------------------------------------------
             -------------------*/
  24   1          while(1)
  25   1          {
  26   2            //GET_RANGE OF ULTRASONIC MODULE
  27   2              Ultra_ECHO();
  28   2              delay(3);
  29   2          }
  30   1      }
  31          


MODULE INFORMATION:   STATIC OVERLAYABLE
   CODE SIZE        =     47    ----
   CONSTANT SIZE    =   ----    ----
   XDATA SIZE       =   ----    ----
   PDATA SIZE       =   ----    ----
   DATA SIZE        =   ----    ----
   IDATA SIZE       =   ----    ----
   BIT SIZE         =   ----    ----
END OF MODULE INFORMATION.


C51 COMPILATION COMPLETE.  0 WARNING(S),  0 ERROR(S)
